Build started 30/03/2018 21:09:34.
     1>Project "D:\PUC\Prog. Modular\ExArcabouco\ExArcabouco\ExArcabouco.vcxproj" on node 2 (build target(s)).
     1>InitializeBuildStatus:
         Creating "Debug\ExArcabouco.unsuccessfulbuild" because "AlwaysCreate" was specified.
       ClCompile:
         D:\Utilidades\Visual Studio\VC\bin\CL.exe /c /ZI /nologo /W3 /WX- /Od /Oy- /D WIN32 /D _DEBUG /D _CONSOLE /D _UNICODE /D UNICODE /Gm /EHsc /RTC1 /MDd /GS /fp:precise /Zc:wchar_t /Zc:forScope /Fo"Debug\\" /Fd"Debug\vc100.pdb" /Gd /TC /analyze- /errorReport:prompt "..\..\Repositório trabalho\arcabouco\trabalhoArvore2018\arvore.c"
         arvore.c
       ManifestResourceCompile:
         All outputs are up-to-date.
       Link:
         D:\Utilidades\Visual Studio\VC\bin\link.exe /ERRORREPORT:PROMPT /OUT:"D:\PUC\Prog. Modular\ExArcabouco\Debug\ExArcabouco.exe" /INCREMENTAL /NOLOGO kernel32.lib user32.lib gdi32.lib winspool.lib comdlg32.lib advapi32.lib shell32.lib ole32.lib oleaut32.lib uuid.lib odbc32.lib odbccp32.lib /MANIFEST /ManifestFile:"Debug\ExArcabouco.exe.intermediate.manifest" /MANIFESTUAC:"level='asInvoker' uiAccess='false'" /DEBUG /PDB:"D:\PUC\Prog. Modular\ExArcabouco\Debug\ExArcabouco.pdb" /SUBSYSTEM:CONSOLE /TLBID:1 /DYNAMICBASE /NXCOMPAT /IMPLIB:"D:\PUC\Prog. Modular\ExArcabouco\Debug\ExArcabouco.lib" /MACHINE:X86 Debug\ExArcabouco.exe.embed.manifest.res
         Debug\arvore.obj
         Debug\testarv.obj
         ..\..\ArcaboucoTeste.lib
       Manifest:
         C:\Program Files (x86)\Microsoft SDKs\Windows\v7.0A\bin\mt.exe /nologo /verbose /out:"Debug\ExArcabouco.exe.embed.manifest" /manifest Debug\ExArcabouco.exe.intermediate.manifest
         All outputs are up-to-date.
       LinkEmbedManifest:
         All outputs are up-to-date.
         ExArcabouco.vcxproj -> D:\PUC\Prog. Modular\ExArcabouco\Debug\ExArcabouco.exe
       FinalizeBuildStatus:
         Deleting file "Debug\ExArcabouco.unsuccessfulbuild".
         Touching "Debug\ExArcabouco.lastbuildstate".
     1>Done Building Project "D:\PUC\Prog. Modular\ExArcabouco\ExArcabouco\ExArcabouco.vcxproj" (build target(s)).

Build succeeded.

Time Elapsed 00:00:00.80
